app/build/intermediates/manifest_merge_blame_file/release/manifest-merger-blame-release-report.txt
1<?xml version="1.0" encoding="utf-8"?>
2<manifest xmlns:android="http://schemas.android.com/apk/res/android"
3    package="com.etgpy.rsiech"
4    android:versionCode="1"
5    android:versionName="1.0" >
6
7    <uses-sdk
8        android:minSdkVersion="24"
8-->src\main\AndroidManifest.xml
9        android:targetSdkVersion="31" />
9-->src\main\AndroidManifest.xml
10
11    <uses-permission android:name="android.permission.INTERNET" />
11-->src\main\AndroidManifest.xml:5:5-67
11-->src\main\AndroidManifest.xml:5:22-64
12    <uses-permission android:name="android.permission.ACCESS_NETWORK_STATE" />
12-->src\main\AndroidManifest.xml:6:5-79
12-->src\main\AndroidManifest.xml:6:22-76
13    <uses-permission android:name="android.permission.ACCESS_WIFI_STATE" />
13-->src\main\AndroidManifest.xml:7:5-76
13-->src\main\AndroidManifest.xml:7:22-73
14    <uses-permission android:name="android.permission.WAKE_LOCK" />
14-->src\main\AndroidManifest.xml:8:5-68
14-->src\main\AndroidManifest.xml:8:22-65
15    <uses-permission android:name="com.google.android.gms.permission.AD_ID" />
15-->src\main\AndroidManifest.xml:9:5-79
15-->src\main\AndroidManifest.xml:9:22-76
16    <uses-permission android:name="android.permission.READ_EXTERNAL_STORAGE" />
16-->src\main\AndroidManifest.xml:10:5-80
16-->src\main\AndroidManifest.xml:10:22-77
17
18    <!-- Create a unique permission for your app and use it so only your app can receive your OneSignal messages. -->
19    <permission
19-->[com.onesignal:OneSignal:4.6.7] AndroidManifest.xml:7:5-9:47
20        android:name="com.etgpy.rsiech.permission.C2D_MESSAGE"
20-->[com.onesignal:OneSignal:4.6.7] AndroidManifest.xml:8:9-63
21        android:protectionLevel="signature" />
21-->[com.onesignal:OneSignal:4.6.7] AndroidManifest.xml:9:9-44
22
23    <uses-permission android:name="com.etgpy.rsiech.permission.C2D_MESSAGE" /> <!-- c2dm RECEIVE are basic requirements for push messages through Google's FCM -->
23-->[com.onesignal:OneSignal:4.6.7] AndroidManifest.xml:11:5-79
23-->[com.onesignal:OneSignal:4.6.7] AndroidManifest.xml:11:22-76
24    <uses-permission android:name="com.google.android.c2dm.permission.RECEIVE" />
24-->[com.onesignal:OneSignal:4.6.7] AndroidManifest.xml:17:5-82
24-->[com.onesignal:OneSignal:4.6.7] AndroidManifest.xml:17:22-79
25    <!--
26 Required so the device vibrates on receiving a push notification.
27         Vibration settings of the device still apply.
28    -->
29    <uses-permission android:name="android.permission.VIBRATE" />
29-->[com.onesignal:OneSignal:4.6.7] AndroidManifest.xml:23:5-66
29-->[com.onesignal:OneSignal:4.6.7] AndroidManifest.xml:23:22-63
30    <!--
31 Use to restore notifications the user hasn't interacted with.
32         They could be missed notifications if the user reboots their device if this isn't in place.
33    -->
34    <uses-permission android:name="android.permission.RECEIVE_BOOT_COMPLETED" /> <!-- START: ShortcutBadger -->
34-->[com.onesignal:OneSignal:4.6.7] AndroidManifest.xml:29:5-81
34-->[com.onesignal:OneSignal:4.6.7] AndroidManifest.xml:29:22-78
35    <!-- Samsung -->
36    <uses-permission android:name="com.sec.android.provider.badge.permission.READ" />
36-->[com.onesignal:OneSignal:4.6.7] AndroidManifest.xml:31:5-86
36-->[com.onesignal:OneSignal:4.6.7] AndroidManifest.xml:31:22-83
37    <uses-permission android:name="com.sec.android.provider.badge.permission.WRITE" /> <!-- HTC -->
37-->[com.onesignal:OneSignal:4.6.7] AndroidManifest.xml:32:5-87
37-->[com.onesignal:OneSignal:4.6.7] AndroidManifest.xml:32:22-84
38    <uses-permission android:name="com.htc.launcher.permission.READ_SETTINGS" />
38-->[com.onesignal:OneSignal:4.6.7] AndroidManifest.xml:33:5-81
38-->[com.onesignal:OneSignal:4.6.7] AndroidManifest.xml:33:22-78
39    <uses-permission android:name="com.htc.launcher.permission.UPDATE_SHORTCUT" /> <!-- Sony -->
39-->[com.onesignal:OneSignal:4.6.7] AndroidManifest.xml:34:5-83
39-->[com.onesignal:OneSignal:4.6.7] AndroidManifest.xml:34:22-80
40    <uses-permission android:name="com.sonyericsson.home.permission.BROADCAST_BADGE" />
40-->[com.onesignal:OneSignal:4.6.7] AndroidManifest.xml:35:5-88
40-->[com.onesignal:OneSignal:4.6.7] AndroidManifest.xml:35:22-85
41    <uses-permission android:name="com.sonymobile.home.permission.PROVIDER_INSERT_BADGE" /> <!-- Apex -->
41-->[com.onesignal:OneSignal:4.6.7] AndroidManifest.xml:36:5-92
41-->[com.onesignal:OneSignal:4.6.7] AndroidManifest.xml:36:22-89
42    <uses-permission android:name="com.anddoes.launcher.permission.UPDATE_COUNT" /> <!-- Solid -->
42-->[com.onesignal:OneSignal:4.6.7] AndroidManifest.xml:37:5-84
42-->[com.onesignal:OneSignal:4.6.7] AndroidManifest.xml:37:22-81
43    <uses-permission android:name="com.majeur.launcher.permission.UPDATE_BADGE" /> <!-- Huawei -->
43-->[com.onesignal:OneSignal:4.6.7] AndroidManifest.xml:38:5-83
43-->[com.onesignal:OneSignal:4.6.7] AndroidManifest.xml:38:22-80
44    <uses-permission android:name="com.huawei.android.launcher.permission.CHANGE_BADGE" />
44-->[com.onesignal:OneSignal:4.6.7] AndroidManifest.xml:39:5-91
44-->[com.onesignal:OneSignal:4.6.7] AndroidManifest.xml:39:22-88
45    <uses-permission android:name="com.huawei.android.launcher.permission.READ_SETTINGS" />
45-->[com.onesignal:OneSignal:4.6.7] AndroidManifest.xml:40:5-92
45-->[com.onesignal:OneSignal:4.6.7] AndroidManifest.xml:40:22-89
46    <uses-permission android:name="com.huawei.android.launcher.permission.WRITE_SETTINGS" /> <!-- ZUK -->
46-->[com.onesignal:OneSignal:4.6.7] AndroidManifest.xml:41:5-93
46-->[com.onesignal:OneSignal:4.6.7] AndroidManifest.xml:41:22-90
47    <uses-permission android:name="android.permission.READ_APP_BADGE" /> <!-- OPPO -->
47-->[com.onesignal:OneSignal:4.6.7] AndroidManifest.xml:42:5-73
47-->[com.onesignal:OneSignal:4.6.7] AndroidManifest.xml:42:22-70
48    <uses-permission android:name="com.oppo.launcher.permission.READ_SETTINGS" />
48-->[com.onesignal:OneSignal:4.6.7] AndroidManifest.xml:43:5-82
48-->[com.onesignal:OneSignal:4.6.7] AndroidManifest.xml:43:22-79
49    <uses-permission android:name="com.oppo.launcher.permission.WRITE_SETTINGS" /> <!-- EvMe -->
49-->[com.onesignal:OneSignal:4.6.7] AndroidManifest.xml:44:5-83
49-->[com.onesignal:OneSignal:4.6.7] AndroidManifest.xml:44:22-80
50    <uses-permission android:name="me.everything.badger.permission.BADGE_COUNT_READ" />
50-->[com.onesignal:OneSignal:4.6.7] AndroidManifest.xml:45:5-88
50-->[com.onesignal:OneSignal:4.6.7] AndroidManifest.xml:45:22-85
51    <uses-permission android:name="me.everything.badger.permission.BADGE_COUNT_WRITE" />
51-->[com.onesignal:OneSignal:4.6.7] AndroidManifest.xml:46:5-89
51-->[com.onesignal:OneSignal:4.6.7] AndroidManifest.xml:46:22-86
52    <uses-permission android:name="android.permission.FOREGROUND_SERVICE" />
52-->[androidx.work:work-runtime:2.7.1] AndroidManifest.xml:28:5-77
52-->[androidx.work:work-runtime:2.7.1] AndroidManifest.xml:28:22-74
53    <uses-permission android:name="com.google.android.finsky.permission.BIND_GET_INSTALL_REFERRER_SERVICE" />
53-->[com.android.installreferrer:installreferrer:1.0] AndroidManifest.xml:9:5-110
53-->[com.android.installreferrer:installreferrer:1.0] AndroidManifest.xml:9:22-107
54
55    <application
55-->src\main\AndroidManifest.xml:12:5-52:19
56        android:name="com.etgpy.rsiech.ApplicationClass"
56-->src\main\AndroidManifest.xml:14:9-57
57        android:allowBackup="true"
57-->src\main\AndroidManifest.xml:15:9-35
58        android:appComponentFactory="androidx.core.app.CoreComponentFactory"
58-->[androidx.core:core:1.7.0] AndroidManifest.xml:24:18-86
59        android:extractNativeLibs="false"
60        android:fullBackupContent="@xml/appsflyer_backup_rules"
60-->[com.appsflyer:af-android-sdk:6.4.2] AndroidManifest.xml:16:18-73
61        android:icon="@mipmap/ic_launcher"
61-->src\main\AndroidManifest.xml:16:9-43
62        android:label="@string/app_name"
62-->src\main\AndroidManifest.xml:17:9-41
63        android:roundIcon="@mipmap/ic_launcher_round"
63-->src\main\AndroidManifest.xml:18:9-54
64        android:supportsRtl="true"
64-->src\main\AndroidManifest.xml:19:9-35
65        android:theme="@style/Theme.Design.NoActionBar"
65-->src\main\AndroidManifest.xml:20:9-56
66        android:usesCleartextTraffic="true" >
66-->src\main\AndroidManifest.xml:13:9-44
67        <receiver
67-->src\main\AndroidManifest.xml:22:9-28:20
68            android:name="com.appsflyer.SingleInstallBroadcastReceiver"
68-->src\main\AndroidManifest.xml:23:13-72
69            android:exported="true" >
69-->src\main\AndroidManifest.xml:24:13-36
70            <intent-filter>
70-->src\main\AndroidManifest.xml:25:13-27:29
71                <action android:name="com.android.vending.INSTALL_REFERRER" />
71-->src\main\AndroidManifest.xml:26:17-79
71-->src\main\AndroidManifest.xml:26:25-76
72            </intent-filter>
73        </receiver>
74
75        <meta-data
75-->src\main\AndroidManifest.xml:30:9-32:70
76            android:name="com.google.android.gms.ads.APPLICATION_ID"
76-->src\main\AndroidManifest.xml:31:13-69
77            android:value="ca-app-pub-6740256099993452~3507678543" />
77-->src\main\AndroidManifest.xml:32:13-67
78
79        <activity
79-->src\main\AndroidManifest.xml:34:9-38:40
80            android:name="com.etgpy.rsiech.GameActivity"
80-->src\main\AndroidManifest.xml:35:13-57
81            android:configChanges="orientation|keyboardHidden"
81-->src\main\AndroidManifest.xml:36:13-63
82            android:exported="false"
82-->src\main\AndroidManifest.xml:38:13-37
83            android:screenOrientation="landscape" />
83-->src\main\AndroidManifest.xml:37:13-50
84        <activity
84-->src\main\AndroidManifest.xml:39:9-51:20
85            android:name="com.etgpy.rsiech.ER"
85-->src\main\AndroidManifest.xml:40:13-47
86            android:configChanges="fontScale|keyboard|keyboardHidden|locale|navigation|orientation|screenLayout|screenSize|smallestScreenSize|uiMode|touchscreen"
86-->src\main\AndroidManifest.xml:41:13-162
87            android:exported="true" >
87-->src\main\AndroidManifest.xml:42:13-36
88            <intent-filter>
88-->src\main\AndroidManifest.xml:43:13-50:29
89                <action android:name="android.intent.action.VIEW" />
89-->src\main\AndroidManifest.xml:44:17-69
89-->src\main\AndroidManifest.xml:44:25-66
90
91                <category android:name="android.intent.category.DEFAULT" />
91-->src\main\AndroidManifest.xml:45:17-76
91-->src\main\AndroidManifest.xml:45:27-73
92
93                <action android:name="android.intent.action.MAIN" />
93-->src\main\AndroidManifest.xml:47:17-69
93-->src\main\AndroidManifest.xml:47:25-66
94
95                <category android:name="android.intent.category.LAUNCHER" />
95-->src\main\AndroidManifest.xml:49:17-77
95-->src\main\AndroidManifest.xml:49:27-74
96            </intent-filter>
97        </activity>
98
99        <receiver
99-->[com.onesignal:OneSignal:4.6.7] AndroidManifest.xml:49:9-60:20
100            android:name="com.onesignal.FCMBroadcastReceiver"
100-->[com.onesignal:OneSignal:4.6.7] AndroidManifest.xml:50:13-62
101            android:exported="true"
101-->[com.onesignal:OneSignal:4.6.7] AndroidManifest.xml:51:13-36
102            android:permission="com.google.android.c2dm.permission.SEND" >
102-->[com.onesignal:OneSignal:4.6.7] AndroidManifest.xml:52:13-73
103
104            <!-- High priority so OneSignal payloads can be filtered from other FCM receivers -->
105            <intent-filter android:priority="999" >
105-->[com.onesignal:OneSignal:4.6.7] AndroidManifest.xml:55:13-59:29
105-->[com.onesignal:OneSignal:4.6.7] AndroidManifest.xml:55:28-50
106                <action android:name="com.google.android.c2dm.intent.RECEIVE" />
106-->[com.onesignal:OneSignal:4.6.7] AndroidManifest.xml:56:17-81
106-->[com.onesignal:OneSignal:4.6.7] AndroidManifest.xml:56:25-78
107
108                <category android:name="com.etgpy.rsiech" />
108-->[com.onesignal:OneSignal:4.6.7] AndroidManifest.xml:58:17-61
108-->[com.onesignal:OneSignal:4.6.7] AndroidManifest.xml:58:27-58
109            </intent-filter>
110        </receiver>
111
112        <service
112-->[com.onesignal:OneSignal:4.6.7] AndroidManifest.xml:62:9-68:19
113            android:name="com.onesignal.HmsMessageServiceOneSignal"
113-->[com.onesignal:OneSignal:4.6.7] AndroidManifest.xml:63:13-68
114            android:exported="false" >
114-->[com.onesignal:OneSignal:4.6.7] AndroidManifest.xml:64:13-37
115            <intent-filter>
115-->[com.onesignal:OneSignal:4.6.7] AndroidManifest.xml:65:13-67:29
116                <action android:name="com.huawei.push.action.MESSAGING_EVENT" />
116-->[com.onesignal:OneSignal:4.6.7] AndroidManifest.xml:66:17-81
116-->[com.onesignal:OneSignal:4.6.7] AndroidManifest.xml:66:25-78
117            </intent-filter>
118        </service>
119
120        <activity
120-->[com.onesignal:OneSignal:4.6.7] AndroidManifest.xml:70:9-78:20
121            android:name="com.onesignal.NotificationOpenedActivityHMS"
121-->[com.onesignal:OneSignal:4.6.7] AndroidManifest.xml:71:13-71
122            android:exported="true"
122-->[com.onesignal:OneSignal:4.6.7] AndroidManifest.xml:72:13-36
123            android:noHistory="true"
123-->[com.onesignal:OneSignal:4.6.7] AndroidManifest.xml:73:13-37
124            android:theme="@android:style/Theme.Translucent.NoTitleBar" >
124-->[com.onesignal:OneSignal:4.6.7] AndroidManifest.xml:74:13-72
125            <intent-filter>
125-->[com.onesignal:OneSignal:4.6.7] AndroidManifest.xml:75:13-77:29
126                <action android:name="android.intent.action.VIEW" />
126-->src\main\AndroidManifest.xml:44:17-69
126-->src\main\AndroidManifest.xml:44:25-66
127            </intent-filter>
128        </activity>
129
130        <service
130-->[com.onesignal:OneSignal:4.6.7] AndroidManifest.xml:80:9-82:40
131            android:name="com.onesignal.FCMIntentService"
131-->[com.onesignal:OneSignal:4.6.7] AndroidManifest.xml:81:13-58
132            android:exported="false" />
132-->[com.onesignal:OneSignal:4.6.7] AndroidManifest.xml:82:13-37
133        <service
133-->[com.onesignal:OneSignal:4.6.7] AndroidManifest.xml:83:9-86:72
134            android:name="com.onesignal.FCMIntentJobService"
134-->[com.onesignal:OneSignal:4.6.7] AndroidManifest.xml:84:13-61
135            android:exported="false"
135-->[com.onesignal:OneSignal:4.6.7] AndroidManifest.xml:85:13-37
136            android:permission="android.permission.BIND_JOB_SERVICE" />
136-->[com.onesignal:OneSignal:4.6.7] AndroidManifest.xml:86:13-69
137        <service
137-->[com.onesignal:OneSignal:4.6.7] AndroidManifest.xml:87:9-90:43
138            android:name="com.onesignal.SyncService"
138-->[com.onesignal:OneSignal:4.6.7] AndroidManifest.xml:88:13-53
139            android:exported="false"
139-->[com.onesignal:OneSignal:4.6.7] AndroidManifest.xml:89:13-37
140            android:stopWithTask="true" />
140-->[com.onesignal:OneSignal:4.6.7] AndroidManifest.xml:90:13-40
141        <service
141-->[com.onesignal:OneSignal:4.6.7] AndroidManifest.xml:91:9-94:72
142            android:name="com.onesignal.SyncJobService"
142-->[com.onesignal:OneSignal:4.6.7] AndroidManifest.xml:92:13-56
143            android:exported="false"
143-->[com.onesignal:OneSignal:4.6.7] AndroidManifest.xml:93:13-37
144            android:permission="android.permission.BIND_JOB_SERVICE" />
144-->[com.onesignal:OneSignal:4.6.7] AndroidManifest.xml:94:13-69
145
146        <activity
146-->[com.onesignal:OneSignal:4.6.7] AndroidManifest.xml:96:9-99:75
147            android:name="com.onesignal.PermissionsActivity"
147-->[com.onesignal:OneSignal:4.6.7] AndroidManifest.xml:97:13-61
148            android:exported="false"
148-->[com.onesignal:OneSignal:4.6.7] AndroidManifest.xml:98:13-37
149            android:theme="@android:style/Theme.Translucent.NoTitleBar" />
149-->[com.onesignal:OneSignal:4.6.7] AndroidManifest.xml:99:13-72
150
151        <receiver
151-->[com.onesignal:OneSignal:4.6.7] AndroidManifest.xml:101:9-103:39
152            android:name="com.onesignal.NotificationDismissReceiver"
152-->[com.onesignal:OneSignal:4.6.7] AndroidManifest.xml:102:13-69
153            android:exported="true" />
153-->[com.onesignal:OneSignal:4.6.7] AndroidManifest.xml:103:13-36
154        <receiver
154-->[com.onesignal:OneSignal:4.6.7] AndroidManifest.xml:104:9-111:20
155            android:name="com.onesignal.BootUpReceiver"
155-->[com.onesignal:OneSignal:4.6.7] AndroidManifest.xml:105:13-56
156            android:exported="true" >
156-->[com.onesignal:OneSignal:4.6.7] AndroidManifest.xml:106:13-36
157            <intent-filter>
157-->[com.onesignal:OneSignal:4.6.7] AndroidManifest.xml:107:13-110:29
158                <action android:name="android.intent.action.BOOT_COMPLETED" />
158-->[com.onesignal:OneSignal:4.6.7] AndroidManifest.xml:108:17-79
158-->[com.onesignal:OneSignal:4.6.7] AndroidManifest.xml:108:25-76
159                <action android:name="android.intent.action.QUICKBOOT_POWERON" />
159-->[com.onesignal:OneSignal:4.6.7] AndroidManifest.xml:109:17-82
159-->[com.onesignal:OneSignal:4.6.7] AndroidManifest.xml:109:25-79
160            </intent-filter>
161        </receiver>
162        <receiver
162-->[com.onesignal:OneSignal:4.6.7] AndroidManifest.xml:112:9-118:20
163            android:name="com.onesignal.UpgradeReceiver"
163-->[com.onesignal:OneSignal:4.6.7] AndroidManifest.xml:113:13-57
164            android:exported="true" >
164-->[com.onesignal:OneSignal:4.6.7] AndroidManifest.xml:114:13-36
165            <intent-filter>
165-->[com.onesignal:OneSignal:4.6.7] AndroidManifest.xml:115:13-117:29
166                <action android:name="android.intent.action.MY_PACKAGE_REPLACED" />
166-->[com.onesignal:OneSignal:4.6.7] AndroidManifest.xml:116:17-84
166-->[com.onesignal:OneSignal:4.6.7] AndroidManifest.xml:116:25-81
167            </intent-filter>
168        </receiver>
169
170        <activity
170-->[com.onesignal:OneSignal:4.6.7] AndroidManifest.xml:120:9-126:75
171            android:name="com.onesignal.NotificationOpenedReceiver"
171-->[com.onesignal:OneSignal:4.6.7] AndroidManifest.xml:121:13-68
172            android:excludeFromRecents="true"
172-->[com.onesignal:OneSignal:4.6.7] AndroidManifest.xml:122:13-46
173            android:exported="true"
173-->[com.onesignal:OneSignal:4.6.7] AndroidManifest.xml:123:13-36
174            android:noHistory="true"
174-->[com.onesignal:OneSignal:4.6.7] AndroidManifest.xml:124:13-37
175            android:taskAffinity=""
175-->[com.onesignal:OneSignal:4.6.7] AndroidManifest.xml:125:13-36
176            android:theme="@android:style/Theme.Translucent.NoTitleBar" />
176-->[com.onesignal:OneSignal:4.6.7] AndroidManifest.xml:126:13-72
177        <activity
177-->[com.onesignal:OneSignal:4.6.7] AndroidManifest.xml:127:9-132:75
178            android:name="com.onesignal.NotificationOpenedReceiverAndroid22AndOlder"
178-->[com.onesignal:OneSignal:4.6.7] AndroidManifest.xml:128:13-85
179            android:excludeFromRecents="true"
179-->[com.onesignal:OneSignal:4.6.7] AndroidManifest.xml:129:13-46
180            android:exported="true"
180-->[com.onesignal:OneSignal:4.6.7] AndroidManifest.xml:130:13-36
181            android:noHistory="true"
181-->[com.onesignal:OneSignal:4.6.7] AndroidManifest.xml:131:13-37
182            android:theme="@android:style/Theme.Translucent.NoTitleBar" />
182-->[com.onesignal:OneSignal:4.6.7] AndroidManifest.xml:132:13-72
183        <activity
183-->[com.facebook.android:facebook-common:12.3.0] AndroidManifest.xml:30:9-33:66
184            android:name="com.facebook.FacebookActivity"
184-->[com.facebook.android:facebook-common:12.3.0] AndroidManifest.xml:31:13-57
185            android:configChanges="keyboard|keyboardHidden|screenLayout|screenSize|orientation"
185-->[com.facebook.android:facebook-common:12.3.0] AndroidManifest.xml:32:13-96
186            android:theme="@style/com_facebook_activity_theme" />
186-->[com.facebook.android:facebook-common:12.3.0] AndroidManifest.xml:33:13-63
187        <activity android:name="com.facebook.CustomTabMainActivity" />
187-->[com.facebook.android:facebook-common:12.3.0] AndroidManifest.xml:34:9-71
187-->[com.facebook.android:facebook-common:12.3.0] AndroidManifest.xml:34:19-68
188        <activity
188-->[com.facebook.android:facebook-common:12.3.0] AndroidManifest.xml:35:9-49:20
189            android:name="com.facebook.CustomTabActivity"
189-->[com.facebook.android:facebook-common:12.3.0] AndroidManifest.xml:36:13-58
190            android:exported="true" >
190-->[com.facebook.android:facebook-common:12.3.0] AndroidManifest.xml:37:13-36
191            <intent-filter>
191-->[com.facebook.android:facebook-common:12.3.0] AndroidManifest.xml:39:13-48:29
192                <action android:name="android.intent.action.VIEW" />
192-->src\main\AndroidManifest.xml:44:17-69
192-->src\main\AndroidManifest.xml:44:25-66
193
194                <category android:name="android.intent.category.DEFAULT" />
194-->src\main\AndroidManifest.xml:45:17-76
194-->src\main\AndroidManifest.xml:45:27-73
195                <category android:name="android.intent.category.BROWSABLE" />
195-->[com.facebook.android:facebook-common:12.3.0] AndroidManifest.xml:43:17-78
195-->[com.facebook.android:facebook-common:12.3.0] AndroidManifest.xml:43:27-75
196
197                <data
197-->[com.facebook.android:facebook-common:12.3.0] AndroidManifest.xml:45:17-47:50
198                    android:host="cct.com.etgpy.rsiech"
198-->[com.facebook.android:facebook-common:12.3.0] AndroidManifest.xml:46:21-56
199                    android:scheme="fbconnect" />
199-->[com.facebook.android:facebook-common:12.3.0] AndroidManifest.xml:47:21-47
200            </intent-filter>
201        </activity>
202        <!--
203             FirebaseMessagingService performs security checks at runtime,
204             but set to not exported to explicitly avoid allowing another app to call it.
205        -->
206        <service
206-->[com.google.firebase:firebase-messaging:19.0.0] AndroidManifest.xml:28:9-34:19
207            android:name="com.google.firebase.messaging.FirebaseMessagingService"
207-->[com.google.firebase:firebase-messaging:19.0.0] AndroidManifest.xml:29:13-82
208            android:exported="false" >
208-->[com.google.firebase:firebase-messaging:19.0.0] AndroidManifest.xml:30:13-37
209            <intent-filter android:priority="-500" >
209-->[com.google.firebase:firebase-messaging:19.0.0] AndroidManifest.xml:31:13-33:29
209-->[com.google.firebase:firebase-messaging:19.0.0] AndroidManifest.xml:31:28-51
210                <action android:name="com.google.firebase.MESSAGING_EVENT" />
210-->[com.google.firebase:firebase-messaging:19.0.0] AndroidManifest.xml:32:17-78
210-->[com.google.firebase:firebase-messaging:19.0.0] AndroidManifest.xml:32:25-75
211            </intent-filter>
212        </service>
213        <service
213-->[com.google.firebase:firebase-iid:19.0.0] AndroidManifest.xml:29:9-35:19
214            android:name="com.google.firebase.components.ComponentDiscoveryService"
214-->[com.google.firebase:firebase-iid:19.0.0] AndroidManifest.xml:30:13-84
215            android:exported="false" >
215-->[com.google.firebase:firebase-iid:19.0.0] AndroidManifest.xml:31:13-37
216            <meta-data
216-->[com.google.firebase:firebase-iid:19.0.0] AndroidManifest.xml:32:13-34:85
217                android:name="com.google.firebase.components:com.google.firebase.iid.Registrar"
217-->[com.google.firebase:firebase-iid:19.0.0] AndroidManifest.xml:33:17-96
218                android:value="com.google.firebase.components.ComponentRegistrar" />
218-->[com.google.firebase:firebase-iid:19.0.0] AndroidManifest.xml:34:17-82
219        </service>
220
221        <receiver
221-->[com.google.firebase:firebase-iid:19.0.0] AndroidManifest.xml:37:9-44:20
222            android:name="com.google.firebase.iid.FirebaseInstanceIdReceiver"
222-->[com.google.firebase:firebase-iid:19.0.0] AndroidManifest.xml:38:13-78
223            android:exported="true"
223-->[com.google.firebase:firebase-iid:19.0.0] AndroidManifest.xml:39:13-36
224            android:permission="com.google.android.c2dm.permission.SEND" >
224-->[com.google.firebase:firebase-iid:19.0.0] AndroidManifest.xml:40:13-73
225            <intent-filter>
225-->[com.google.firebase:firebase-iid:19.0.0] AndroidManifest.xml:41:13-43:29
226                <action android:name="com.google.android.c2dm.intent.RECEIVE" />
226-->[com.onesignal:OneSignal:4.6.7] AndroidManifest.xml:56:17-81
226-->[com.onesignal:OneSignal:4.6.7] AndroidManifest.xml:56:25-78
227            </intent-filter>
228        </receiver>
229
230        <activity
230-->[com.google.android.gms:play-services-base:17.0.0] AndroidManifest.xml:23:9-26:75
231            android:name="com.google.android.gms.common.api.GoogleApiActivity"
231-->[com.google.android.gms:play-services-base:17.0.0] AndroidManifest.xml:24:13-79
232            android:exported="false"
232-->[com.google.android.gms:play-services-base:17.0.0] AndroidManifest.xml:25:13-37
233            android:theme="@android:style/Theme.Translucent.NoTitleBar" />
233-->[com.google.android.gms:play-services-base:17.0.0] AndroidManifest.xml:26:13-72
234
235        <provider
235-->[com.google.firebase:firebase-common:18.0.0] AndroidManifest.xml:12:9-16:39
236            android:name="com.google.firebase.provider.FirebaseInitProvider"
236-->[com.google.firebase:firebase-common:18.0.0] AndroidManifest.xml:13:13-77
237            android:authorities="com.etgpy.rsiech.firebaseinitprovider"
237-->[com.google.firebase:firebase-common:18.0.0] AndroidManifest.xml:14:13-72
238            android:exported="false"
238-->[com.google.firebase:firebase-common:18.0.0] AndroidManifest.xml:15:13-37
239            android:initOrder="100" />
239-->[com.google.firebase:firebase-common:18.0.0] AndroidManifest.xml:16:13-36
240
241        <meta-data
241-->[com.google.android.gms:play-services-basement:18.0.0] AndroidManifest.xml:21:9-23:69
242            android:name="com.google.android.gms.version"
242-->[com.google.android.gms:play-services-basement:18.0.0] AndroidManifest.xml:22:13-58
243            android:value="@integer/google_play_services_version" />
243-->[com.google.android.gms:play-services-basement:18.0.0] AndroidManifest.xml:23:13-66
244
245        <provider
245-->[androidx.emoji2:emoji2:1.0.0] AndroidManifest.xml:26:9-34:20
246            android:name="androidx.startup.InitializationProvider"
246-->[androidx.emoji2:emoji2:1.0.0] AndroidManifest.xml:27:13-67
247            android:authorities="com.etgpy.rsiech.androidx-startup"
247-->[androidx.emoji2:emoji2:1.0.0] AndroidManifest.xml:28:13-68
248            android:exported="false" >
248-->[androidx.emoji2:emoji2:1.0.0] AndroidManifest.xml:29:13-37
249            <meta-data
249-->[androidx.emoji2:emoji2:1.0.0] AndroidManifest.xml:31:13-33:52
250                android:name="androidx.emoji2.text.EmojiCompatInitializer"
250-->[androidx.emoji2:emoji2:1.0.0] AndroidManifest.xml:32:17-75
251                android:value="androidx.startup" />
251-->[androidx.emoji2:emoji2:1.0.0] AndroidManifest.xml:33:17-49
252            <meta-data
252-->[androidx.work:work-runtime:2.7.1] AndroidManifest.xml:36:13-38:52
253                android:name="androidx.work.WorkManagerInitializer"
253-->[androidx.work:work-runtime:2.7.1] AndroidManifest.xml:37:17-68
254                android:value="androidx.startup" />
254-->[androidx.work:work-runtime:2.7.1] AndroidManifest.xml:38:17-49
255            <meta-data
255-->[androidx.lifecycle:lifecycle-process:2.4.0] AndroidManifest.xml:31:13-33:52
256                android:name="androidx.lifecycle.ProcessLifecycleInitializer"
256-->[androidx.lifecycle:lifecycle-process:2.4.0] AndroidManifest.xml:32:17-78
257                android:value="androidx.startup" />
257-->[androidx.lifecycle:lifecycle-process:2.4.0] AndroidManifest.xml:33:17-49
258        </provider>
259
260        <service
260-->[androidx.work:work-runtime:2.7.1] AndroidManifest.xml:41:9-46:35
261            android:name="androidx.work.impl.background.systemalarm.SystemAlarmService"
261-->[androidx.work:work-runtime:2.7.1] AndroidManifest.xml:42:13-88
262            android:directBootAware="false"
262-->[androidx.work:work-runtime:2.7.1] AndroidManifest.xml:43:13-44
263            android:enabled="@bool/enable_system_alarm_service_default"
263-->[androidx.work:work-runtime:2.7.1] AndroidManifest.xml:44:13-72
264            android:exported="false" />
264-->[androidx.work:work-runtime:2.7.1] AndroidManifest.xml:45:13-37
265        <service
265-->[androidx.work:work-runtime:2.7.1] AndroidManifest.xml:47:9-53:35
266            android:name="androidx.work.impl.background.systemjob.SystemJobService"
266-->[androidx.work:work-runtime:2.7.1] AndroidManifest.xml:48:13-84
267            android:directBootAware="false"
267-->[androidx.work:work-runtime:2.7.1] AndroidManifest.xml:49:13-44
268            android:enabled="@bool/enable_system_job_service_default"
268-->[androidx.work:work-runtime:2.7.1] AndroidManifest.xml:50:13-70
269            android:exported="true"
269-->[androidx.work:work-runtime:2.7.1] AndroidManifest.xml:51:13-36
270            android:permission="android.permission.BIND_JOB_SERVICE" />
270-->[androidx.work:work-runtime:2.7.1] AndroidManifest.xml:52:13-69
271        <service
271-->[androidx.work:work-runtime:2.7.1] AndroidManifest.xml:54:9-59:35
272            android:name="androidx.work.impl.foreground.SystemForegroundService"
272-->[androidx.work:work-runtime:2.7.1] AndroidManifest.xml:55:13-81
273            android:directBootAware="false"
273-->[androidx.work:work-runtime:2.7.1] AndroidManifest.xml:56:13-44
274            android:enabled="@bool/enable_system_foreground_service_default"
274-->[androidx.work:work-runtime:2.7.1] AndroidManifest.xml:57:13-77
275            android:exported="false" />
275-->[androidx.work:work-runtime:2.7.1] AndroidManifest.xml:58:13-37
276
277        <receiver